[100%] Built target answer
-- Install configuration: ""
-- Up-to-date: /home/sukihan/RMhomework/answer/install/answer/share/ament_index/resource_index/package_run_dependencies/answer
-- Up-to-date: /home/sukihan/RMhomework/answer/install/answer/share/ament_index/resource_index/parent_prefix_path/answer
-- Up-to-date: /home/sukihan/RMhomework/answer/install/answer/share/answer/environment/ament_prefix_path.sh
-- Up-to-date: /home/sukihan/RMhomework/answer/install/answer/share/answer/environment/ament_prefix_path.dsv
-- Up-to-date: /home/sukihan/RMhomework/answer/install/answer/share/answer/environment/path.sh
-- Up-to-date: /home/sukihan/RMhomework/answer/install/answer/share/answer/environment/path.dsv
-- Up-to-date: /home/sukihan/RMhomework/answer/install/answer/share/answer/local_setup.bash
-- Up-to-date: /home/sukihan/RMhomework/answer/install/answer/share/answer/local_setup.sh
-- Up-to-date: /home/sukihan/RMhomework/answer/install/answer/share/answer/local_setup.zsh
-- Up-to-date: /home/sukihan/RMhomework/answer/install/answer/share/answer/local_setup.dsv
-- Up-to-date: /home/sukihan/RMhomework/answer/install/answer/share/answer/package.dsv
-- Up-to-date: /home/sukihan/RMhomework/answer/install/answer/share/ament_index/resource_index/packages/answer
-- Up-to-date: /home/sukihan/RMhomework/answer/install/answer/share/answer/cmake/answerConfig.cmake
-- Up-to-date: /home/sukihan/RMhomework/answer/install/answer/share/answer/cmake/answerConfig-version.cmake
-- Up-to-date: /home/sukihan/RMhomework/answer/install/answer/share/answer/package.xml
-- Up-to-date: /home/sukihan/RMhomework/answer/install/answer/lib/answer/answer
[31mCMake Error at cmake_install.cmake:125 (file):
  file INSTALL cannot find
  "/home/sukihan/RMhomework/answer/scripts/answer.py": No such file or
  directory.

[0m
