[0.020s] Invoking command in '/home/sukihan/RMhomework/answer/build/answer': CMAKE_PREFIX_PATH=${CMAKE_PREFIX_PATH}:/opt/ros/humble /usr/bin/cmake --build /home/sukihan/RMhomework/answer/build/answer -- -j16 -l16
[0.139s] [100%] Built target answer
[0.166s] Invoked command in '/home/sukihan/RMhomework/answer/build/answer' returned '0': CMAKE_PREFIX_PATH=${CMAKE_PREFIX_PATH}:/opt/ros/humble /usr/bin/cmake --build /home/sukihan/RMhomework/answer/build/answer -- -j16 -l16
[0.234s] Invoking command in '/home/sukihan/RMhomework/answer/build/answer': CMAKE_PREFIX_PATH=${CMAKE_PREFIX_PATH}:/opt/ros/humble /usr/bin/cmake --install /home/sukihan/RMhomework/answer/build/answer
[0.246s] -- Install configuration: ""
[0.246s] -- Up-to-date: /home/sukihan/RMhomework/answer/install/answer/share/ament_index/resource_index/package_run_dependencies/answer
[0.246s] -- Up-to-date: /home/sukihan/RMhomework/answer/install/answer/share/ament_index/resource_index/parent_prefix_path/answer
[0.246s] -- Up-to-date: /home/sukihan/RMhomework/answer/install/answer/share/answer/environment/ament_prefix_path.sh
[0.246s] -- Up-to-date: /home/sukihan/RMhomework/answer/install/answer/share/answer/environment/ament_prefix_path.dsv
[0.246s] -- Up-to-date: /home/sukihan/RMhomework/answer/install/answer/share/answer/environment/path.sh
[0.246s] -- Up-to-date: /home/sukihan/RMhomework/answer/install/answer/share/answer/environment/path.dsv
[0.247s] -- Up-to-date: /home/sukihan/RMhomework/answer/install/answer/share/answer/local_setup.bash
[0.247s] -- Up-to-date: /home/sukihan/RMhomework/answer/install/answer/share/answer/local_setup.sh
[0.247s] -- Up-to-date: /home/sukihan/RMhomework/answer/install/answer/share/answer/local_setup.zsh
[0.247s] -- Up-to-date: /home/sukihan/RMhomework/answer/install/answer/share/answer/local_setup.dsv
[0.247s] -- Up-to-date: /home/sukihan/RMhomework/answer/install/answer/share/answer/package.dsv
[0.247s] -- Up-to-date: /home/sukihan/RMhomework/answer/install/answer/share/ament_index/resource_index/packages/answer
[0.247s] -- Up-to-date: /home/sukihan/RMhomework/answer/install/answer/share/answer/cmake/answerConfig.cmake
[0.247s] -- Up-to-date: /home/sukihan/RMhomework/answer/install/answer/share/answer/cmake/answerConfig-version.cmake
[0.247s] -- Up-to-date: /home/sukihan/RMhomework/answer/install/answer/share/answer/package.xml
[0.247s] -- Up-to-date: /home/sukihan/RMhomework/answer/install/answer/lib/answer/answer
[0.247s] [31mCMake Error at cmake_install.cmake:125 (file):
[0.247s]   file INSTALL cannot find
[0.247s]   "/home/sukihan/RMhomework/answer/scripts/answer.py": No such file or
[0.247s]   directory.
[0.248s] 
[0.248s] [0m
[0.249s] Invoked command in '/home/sukihan/RMhomework/answer/build/answer' returned '1': CMAKE_PREFIX_PATH=${CMAKE_PREFIX_PATH}:/opt/ros/humble /usr/bin/cmake --install /home/sukihan/RMhomework/answer/build/answer
