-- Found ament_cmake: 1.3.8 (/opt/ros/humble/share/ament_cmake/cmake)
-- Found rclcpp: 16.0.8 (/opt/ros/humble/share/rclcpp/cmake)
-- Found rosidl_generator_c: 3.1.5 (/opt/ros/humble/share/rosidl_generator_c/cmake)
-- Found rosidl_adapter: 3.1.5 (/opt/ros/humble/share/rosidl_adapter/cmake)
-- Found rosidl_generator_cpp: 3.1.5 (/opt/ros/humble/share/rosidl_generator_cpp/cmake)
-- Using all available rosidl_typesupport_c: rosidl_typesupport_fastrtps_c;rosidl_typesupport_introspection_c
-- Using all available rosidl_typesupport_cpp: rosidl_typesupport_fastrtps_cpp;rosidl_typesupport_introspection_cpp
-- Found rmw_implementation_cmake: 6.1.1 (/opt/ros/humble/share/rmw_implementation_cmake/cmake)
-- Found rmw_fastrtps_cpp: 6.2.6 (/opt/ros/humble/share/rmw_fastrtps_cpp/cmake)
-- Using RMW implementation 'rmw_fastrtps_cpp' as default
-- Found sensor_msgs: 4.2.3 (/opt/ros/humble/share/sensor_msgs/cmake)
-- Found cv_bridge: 3.2.1 (/opt/ros/humble/share/cv_bridge/cmake)
-- Found ament_lint_auto: 0.12.10 (/opt/ros/humble/share/ament_lint_auto/cmake)
-- Added test 'cppcheck' to perform static code analysis on C / C++ code
-- Configured cppcheck include dirs: /home/sukihan/RMhomework/answer/include
-- Configured cppcheck exclude dirs and/or files: 
-- Added test 'flake8' to check Python code syntax and style conventions
-- Added test 'lint_cmake' to check CMake code style
-- Added test 'pep257' to check Python code against some of the docstring style conventions in PEP 257
-- Added test 'uncrustify' to check C / C++ code style
-- Configured uncrustify additional arguments: 
-- Added test 'xmllint' to check XML markup files
-- Configuring done
-- Generating done
-- Build files have been written to: /home/sukihan/RMhomework/answer/build/answer
[ 50%] [32mBuilding CXX object CMakeFiles/answer.dir/src/answer.cpp.o[0m
In file included from [01m[K/home/sukihan/RMhomework/answer/src/answer.cpp:6[m[K:
[01m[K/home/sukihan/RMhomework/answer/include/answer/GetClickPoint.h:[m[K In function ‘[01m[Kcv::Point2f GetClickPoint(cv::Mat)[m[K’:
[01m[K/home/sukihan/RMhomework/answer/include/answer/GetClickPoint.h:34:22:[m[K [01;35m[Kwarning: [m[Kcomparison of integer expressions of different signedness: ‘[01m[Kint[m[K’ and ‘[01m[Kstd::vector<std::vector<cv::Point_<float> > >::size_type[m[K’ {aka ‘[01m[Klong unsigned int[m[K’} [[01;35m[K]8;;https://gcc.gnu.org/onlinedocs/gcc/Warning-Options.html#index-Wsign-compare-Wsign-compare]8;;[m[K]
   34 |     for(int i = 0 ;[01;35m[Ki < contours.size()[m[K;i++){
      |                    [01;35m[K~~^~~~~~~~~~~~~~~~~[m[K
[100%] [32m[1mLinking CXX executable answer[0m
[100%] Built target answer
-- Install configuration: ""
-- Installing: /home/sukihan/RMhomework/answer/install/answer/share/ament_index/resource_index/package_run_dependencies/answer
-- Installing: /home/sukihan/RMhomework/answer/install/answer/share/ament_index/resource_index/parent_prefix_path/answer
-- Installing: /home/sukihan/RMhomework/answer/install/answer/share/answer/environment/ament_prefix_path.sh
-- Installing: /home/sukihan/RMhomework/answer/install/answer/share/answer/environment/ament_prefix_path.dsv
-- Installing: /home/sukihan/RMhomework/answer/install/answer/share/answer/environment/path.sh
-- Installing: /home/sukihan/RMhomework/answer/install/answer/share/answer/environment/path.dsv
-- Installing: /home/sukihan/RMhomework/answer/install/answer/share/answer/local_setup.bash
-- Installing: /home/sukihan/RMhomework/answer/install/answer/share/answer/local_setup.sh
-- Installing: /home/sukihan/RMhomework/answer/install/answer/share/answer/local_setup.zsh
-- Installing: /home/sukihan/RMhomework/answer/install/answer/share/answer/local_setup.dsv
-- Installing: /home/sukihan/RMhomework/answer/install/answer/share/answer/package.dsv
-- Installing: /home/sukihan/RMhomework/answer/install/answer/share/ament_index/resource_index/packages/answer
-- Installing: /home/sukihan/RMhomework/answer/install/answer/share/answer/cmake/answerConfig.cmake
-- Installing: /home/sukihan/RMhomework/answer/install/answer/share/answer/cmake/answerConfig-version.cmake
-- Installing: /home/sukihan/RMhomework/answer/install/answer/share/answer/package.xml
-- Installing: /home/sukihan/RMhomework/answer/install/answer/lib/answer/answer
-- Set runtime path of "/home/sukihan/RMhomework/answer/install/answer/lib/answer/answer" to ""
