[0.017s] Invoking command in '/home/sukihan/RMhomework/answer/build/answer': CMAKE_PREFIX_PATH=/opt/ros/humble /usr/bin/cmake --build /home/sukihan/RMhomework/answer/build/answer -- -j16 -l16
[0.067s] -- Found ament_cmake: 1.3.8 (/opt/ros/humble/share/ament_cmake/cmake)
[0.273s] -- Found rclcpp: 16.0.8 (/opt/ros/humble/share/rclcpp/cmake)
[0.335s] -- Found rosidl_generator_c: 3.1.5 (/opt/ros/humble/share/rosidl_generator_c/cmake)
[0.340s] -- Found rosidl_adapter: 3.1.5 (/opt/ros/humble/share/rosidl_adapter/cmake)
[0.352s] -- Found rosidl_generator_cpp: 3.1.5 (/opt/ros/humble/share/rosidl_generator_cpp/cmake)
[0.375s] -- Using all available rosidl_typesupport_c: rosidl_typesupport_fastrtps_c;rosidl_typesupport_introspection_c
[0.406s] -- Using all available rosidl_typesupport_cpp: rosidl_typesupport_fastrtps_cpp;rosidl_typesupport_introspection_cpp
[0.523s] -- Found rmw_implementation_cmake: 6.1.1 (/opt/ros/humble/share/rmw_implementation_cmake/cmake)
[0.525s] -- Found rmw_fastrtps_cpp: 6.2.6 (/opt/ros/humble/share/rmw_fastrtps_cpp/cmake)
[0.796s] -- Using RMW implementation 'rmw_fastrtps_cpp' as default
[1.078s] -- Found sensor_msgs: 4.2.3 (/opt/ros/humble/share/sensor_msgs/cmake)
[1.301s] -- Found cv_bridge: 3.2.1 (/opt/ros/humble/share/cv_bridge/cmake)
[1.336s] -- Found ament_lint_auto: 0.12.10 (/opt/ros/humble/share/ament_lint_auto/cmake)
[1.493s] -- Added test 'cppcheck' to perform static code analysis on C / C++ code
[1.493s] -- Configured cppcheck include dirs: /home/sukihan/RMhomework/answer/include
[1.494s] -- Configured cppcheck exclude dirs and/or files: 
[1.496s] -- Added test 'flake8' to check Python code syntax and style conventions
[1.502s] -- Added test 'lint_cmake' to check CMake code style
[1.506s] -- Added test 'pep257' to check Python code against some of the docstring style conventions in PEP 257
[1.531s] -- Added test 'uncrustify' to check C / C++ code style
[1.531s] -- Configured uncrustify additional arguments: 
[1.534s] -- Added test 'xmllint' to check XML markup files
[1.544s] -- Configuring done
[1.567s] -- Generating done
[1.570s] -- Build files have been written to: /home/sukihan/RMhomework/answer/build/answer
[1.639s] [ 50%] [32mBuilding CXX object CMakeFiles/answer.dir/src/answer.cpp.o[0m
[4.557s] In file included from [01m[K/home/sukihan/RMhomework/answer/src/answer.cpp:6[m[K:
[4.557s] [01m[K/home/sukihan/RMhomework/answer/include/answer/GetClickPoint.h:[m[K In function ‘[01m[Kcv::Point2f GetClickPoint(cv::Mat)[m[K’:
[4.557s] [01m[K/home/sukihan/RMhomework/answer/include/answer/GetClickPoint.h:34:22:[m[K [01;35m[Kwarning: [m[Kcomparison of integer expressions of different signedness: ‘[01m[Kint[m[K’ and ‘[01m[Kstd::vector<std::vector<cv::Point_<float> > >::size_type[m[K’ {aka ‘[01m[Klong unsigned int[m[K’} [[01;35m[K]8;;https://gcc.gnu.org/onlinedocs/gcc/Warning-Options.html#index-Wsign-compare-Wsign-compare]8;;[m[K]
[4.557s]    34 |     for(int i = 0 ;[01;35m[Ki < contours.size()[m[K;i++){
[4.557s]       |                    [01;35m[K~~^~~~~~~~~~~~~~~~~[m[K
[8.970s] [100%] [32m[1mLinking CXX executable answer[0m
[9.566s] [100%] Built target answer
[9.579s] Invoked command in '/home/sukihan/RMhomework/answer/build/answer' returned '0': CMAKE_PREFIX_PATH=/opt/ros/humble /usr/bin/cmake --build /home/sukihan/RMhomework/answer/build/answer -- -j16 -l16
[9.616s] Invoking command in '/home/sukihan/RMhomework/answer/build/answer': CMAKE_PREFIX_PATH=/opt/ros/humble /usr/bin/cmake --install /home/sukihan/RMhomework/answer/build/answer
[9.622s] -- Install configuration: ""
[9.622s] -- Installing: /home/sukihan/RMhomework/answer/install/answer/share/ament_index/resource_index/package_run_dependencies/answer
[9.622s] -- Installing: /home/sukihan/RMhomework/answer/install/answer/share/ament_index/resource_index/parent_prefix_path/answer
[9.622s] -- Installing: /home/sukihan/RMhomework/answer/install/answer/share/answer/environment/ament_prefix_path.sh
[9.622s] -- Installing: /home/sukihan/RMhomework/answer/install/answer/share/answer/environment/ament_prefix_path.dsv
[9.622s] -- Installing: /home/sukihan/RMhomework/answer/install/answer/share/answer/environment/path.sh
[9.623s] -- Installing: /home/sukihan/RMhomework/answer/install/answer/share/answer/environment/path.dsv
[9.623s] -- Installing: /home/sukihan/RMhomework/answer/install/answer/share/answer/local_setup.bash
[9.623s] -- Installing: /home/sukihan/RMhomework/answer/install/answer/share/answer/local_setup.sh
[9.623s] -- Installing: /home/sukihan/RMhomework/answer/install/answer/share/answer/local_setup.zsh
[9.623s] -- Installing: /home/sukihan/RMhomework/answer/install/answer/share/answer/local_setup.dsv
[9.623s] -- Installing: /home/sukihan/RMhomework/answer/install/answer/share/answer/package.dsv
[9.623s] -- Installing: /home/sukihan/RMhomework/answer/install/answer/share/ament_index/resource_index/packages/answer
[9.623s] -- Installing: /home/sukihan/RMhomework/answer/install/answer/share/answer/cmake/answerConfig.cmake
[9.623s] -- Installing: /home/sukihan/RMhomework/answer/install/answer/share/answer/cmake/answerConfig-version.cmake
[9.623s] -- Installing: /home/sukihan/RMhomework/answer/install/answer/share/answer/package.xml
[9.623s] -- Installing: /home/sukihan/RMhomework/answer/install/answer/lib/answer/answer
[9.629s] -- Set runtime path of "/home/sukihan/RMhomework/answer/install/answer/lib/answer/answer" to ""
[9.631s] Invoked command in '/home/sukihan/RMhomework/answer/build/answer' returned '0': CMAKE_PREFIX_PATH=/opt/ros/humble /usr/bin/cmake --install /home/sukihan/RMhomework/answer/build/answer
