[0.194s] DEBUG:colcon:Command line arguments: ['/usr/bin/colcon', 'build']
[0.194s] DEBUG:colcon:Parsed command line arguments: Namespace(log_base=None, log_level=None, verb_name='build', build_base='build', install_base='install', merge_install=False, symlink_install=False, test_result_base=None, continue_on_error=False, executor='parallel', parallel_workers=16, event_handlers=None, ignore_user_meta=False, metas=['./colcon.meta'], base_paths=['.'], packages_ignore=None, packages_ignore_regex=None, paths=None, packages_up_to=None, packages_up_to_regex=None, packages_above=None, packages_above_and_dependencies=None, packages_above_depth=None, packages_select_by_dep=None, packages_skip_by_dep=None, packages_skip_up_to=None, packages_select_build_failed=False, packages_skip_build_finished=False, packages_select_test_failures=False, packages_skip_test_passed=False, packages_select=None, packages_skip=None, packages_select_regex=None, packages_skip_regex=None, packages_start=None, packages_end=None, allow_overriding=[], cmake_args=None, cmake_target=None, cmake_target_skip_unavailable=False, cmake_clean_cache=False, cmake_clean_first=False, cmake_force_configure=False, ament_cmake_args=None, catkin_cmake_args=None, catkin_skip_building_tests=False, verb_parser=<colcon_defaults.argument_parser.defaults.DefaultArgumentsDecorator object at 0x7fc568df7b80>, verb_extension=<colcon_core.verb.build.BuildVerb object at 0x7fc568df6d70>, main=<bound method BuildVerb.main of <colcon_core.verb.build.BuildVerb object at 0x7fc568df6d70>>)
[0.472s] Level 1:colcon.colcon_core.package_discovery:discover_packages(colcon_meta) check parameters
[0.472s] Level 1:colcon.colcon_core.package_discovery:discover_packages(recursive) check parameters
[0.472s] Level 1:colcon.colcon_core.package_discovery:discover_packages(ignore) check parameters
[0.472s] Level 1:colcon.colcon_core.package_discovery:discover_packages(path) check parameters
[0.472s] Level 1:colcon.colcon_core.package_discovery:discover_packages(colcon_meta) discover
[0.472s] Level 1:colcon.colcon_core.package_discovery:discover_packages(recursive) discover
[0.472s] INFO:colcon.colcon_core.package_discovery:Crawling recursively for packages in '/home/sukihan/RMhomework/answer'
[0.472s] Level 1:colcon.colcon_core.package_identification:_identify(.) by extensions ['ignore', 'ignore_ament_install']
[0.473s] Level 1:colcon.colcon_core.package_identification:_identify(.) by extension 'ignore'
[0.473s] Level 1:colcon.colcon_core.package_identification:_identify(.) by extension 'ignore_ament_install'
[0.473s] Level 1:colcon.colcon_core.package_identification:_identify(.) by extensions ['colcon_pkg']
[0.473s] Level 1:colcon.colcon_core.package_identification:_identify(.) by extension 'colcon_pkg'
[0.473s] Level 1:colcon.colcon_core.package_identification:_identify(.) by extensions ['colcon_meta']
[0.473s] Level 1:colcon.colcon_core.package_identification:_identify(.) by extension 'colcon_meta'
[0.473s] Level 1:colcon.colcon_core.package_identification:_identify(.) by extensions ['ros']
[0.473s] Level 1:colcon.colcon_core.package_identification:_identify(.) by extension 'ros'
[0.498s] DEBUG:colcon.colcon_core.package_identification:Package '.' with type 'ros.ament_cmake' and name 'answer'
[0.498s] Level 1:colcon.colcon_core.package_discovery:discover_packages(recursive) using defaults
[0.498s] Level 1:colcon.colcon_core.package_discovery:discover_packages(ignore) discover
[0.498s] Level 1:colcon.colcon_core.package_discovery:discover_packages(ignore) using defaults
[0.498s] Level 1:colcon.colcon_core.package_discovery:discover_packages(path) discover
[0.498s] Level 1:colcon.colcon_core.package_discovery:discover_packages(path) using defaults
[0.532s] Level 1:colcon.colcon_core.package_discovery:discover_packages(prefix_path) check parameters
[0.533s] Level 1:colcon.colcon_core.package_discovery:discover_packages(prefix_path) discover
[0.538s] DEBUG:colcon.colcon_installed_package_information.package_discovery:Found 270 installed packages in /opt/ros/humble
[0.540s] Level 1:colcon.colcon_core.package_discovery:discover_packages(prefix_path) using defaults
[0.627s] Level 5:colcon.colcon_core.verb:set package 'answer' build argument 'cmake_args' from command line to 'None'
[0.627s] Level 5:colcon.colcon_core.verb:set package 'answer' build argument 'cmake_target' from command line to 'None'
[0.628s] Level 5:colcon.colcon_core.verb:set package 'answer' build argument 'cmake_target_skip_unavailable' from command line to 'False'
[0.628s] Level 5:colcon.colcon_core.verb:set package 'answer' build argument 'cmake_clean_cache' from command line to 'False'
[0.628s] Level 5:colcon.colcon_core.verb:set package 'answer' build argument 'cmake_clean_first' from command line to 'False'
[0.628s] Level 5:colcon.colcon_core.verb:set package 'answer' build argument 'cmake_force_configure' from command line to 'False'
[0.628s] Level 5:colcon.colcon_core.verb:set package 'answer' build argument 'ament_cmake_args' from command line to 'None'
[0.628s] Level 5:colcon.colcon_core.verb:set package 'answer' build argument 'catkin_cmake_args' from command line to 'None'
[0.628s] Level 5:colcon.colcon_core.verb:set package 'answer' build argument 'catkin_skip_building_tests' from command line to 'False'
[0.628s] DEBUG:colcon.colcon_core.verb:Building package 'answer' with the following arguments: {'ament_cmake_args': None, 'build_base': '/home/sukihan/RMhomework/answer/build/answer', 'catkin_cmake_args': None, 'catkin_skip_building_tests': False, 'cmake_args': None, 'cmake_clean_cache': False, 'cmake_clean_first': False, 'cmake_force_configure': False, 'cmake_target': None, 'cmake_target_skip_unavailable': False, 'install_base': '/home/sukihan/RMhomework/answer/install/answer', 'merge_install': False, 'path': '/home/sukihan/RMhomework/answer', 'symlink_install': False, 'test_result_base': None}
[0.628s] INFO:colcon.colcon_core.executor:Executing jobs using 'parallel' executor
[0.630s] DEBUG:colcon.colcon_parallel_executor.executor.parallel:run_until_complete
[0.630s] INFO:colcon.colcon_ros.task.ament_cmake.build:Building ROS package in '/home/sukihan/RMhomework/answer' with build type 'ament_cmake'
[0.630s] INFO:colcon.colcon_cmake.task.cmake.build:Building CMake package in '/home/sukihan/RMhomework/answer'
[0.634s] INFO:colcon.colcon_core.plugin_system:Skipping extension 'colcon_core.shell.bat': Not used on non-Windows systems
[0.635s] INFO:colcon.colcon_core.shell:Skip shell extension 'powershell' for command environment: Not usable outside of PowerShell
[0.635s] DEBUG:colcon.colcon_core.shell:Skip shell extension 'dsv' for command environment
[0.653s] DEBUG:colcon.colcon_core.event_handler.log_command:Invoking command in '/home/sukihan/RMhomework/answer/build/answer': CMAKE_PREFIX_PATH=/opt/ros/humble /usr/bin/cmake /home/sukihan/RMhomework/answer -DCMAKE_INSTALL_PREFIX=/home/sukihan/RMhomework/answer/install/answer
[3.546s] DEBUG:colcon.colcon_core.event_handler.log_command:Invoked command in '/home/sukihan/RMhomework/answer/build/answer' returned '0': CMAKE_PREFIX_PATH=/opt/ros/humble /usr/bin/cmake /home/sukihan/RMhomework/answer -DCMAKE_INSTALL_PREFIX=/home/sukihan/RMhomework/answer/install/answer
[3.551s] DEBUG:colcon.colcon_core.event_handler.log_command:Invoking command in '/home/sukihan/RMhomework/answer/build/answer': CMAKE_PREFIX_PATH=/opt/ros/humble /usr/bin/cmake --build /home/sukihan/RMhomework/answer/build/answer -- -j16 -l16
[4.204s] DEBUG:colcon.colcon_core.event_handler.log_command:Invoked command in '/home/sukihan/RMhomework/answer/build/answer' returned '2': CMAKE_PREFIX_PATH=/opt/ros/humble /usr/bin/cmake --build /home/sukihan/RMhomework/answer/build/answer -- -j16 -l16
[4.250s] Level 1:colcon.colcon_core.environment:create_environment_scripts_only(answer)
[4.253s] Level 1:colcon.colcon_core.environment:checking '/home/sukihan/RMhomework/answer/install/answer' for CMake module files
[4.254s] Level 1:colcon.colcon_core.environment:checking '/home/sukihan/RMhomework/answer/install/answer' for CMake config files
[4.254s] Level 1:colcon.colcon_core.environment:checking '/home/sukihan/RMhomework/answer/install/answer/bin'
[4.254s] Level 1:colcon.colcon_core.environment:checking '/home/sukihan/RMhomework/answer/install/answer/lib/pkgconfig/answer.pc'
[4.255s] Level 1:colcon.colcon_core.environment:checking '/home/sukihan/RMhomework/answer/install/answer/lib/python3.10/site-packages'
[4.255s] Level 1:colcon.colcon_core.environment:checking '/home/sukihan/RMhomework/answer/install/answer/bin'
[4.255s] INFO:colcon.colcon_core.shell:Creating package script '/home/sukihan/RMhomework/answer/install/answer/share/answer/package.ps1'
[4.256s] INFO:colcon.colcon_core.shell:Creating package descriptor '/home/sukihan/RMhomework/answer/install/answer/share/answer/package.dsv'
[4.257s] INFO:colcon.colcon_core.shell:Creating package script '/home/sukihan/RMhomework/answer/install/answer/share/answer/package.sh'
[4.258s] INFO:colcon.colcon_core.shell:Creating package script '/home/sukihan/RMhomework/answer/install/answer/share/answer/package.bash'
[4.259s] INFO:colcon.colcon_core.shell:Creating package script '/home/sukihan/RMhomework/answer/install/answer/share/answer/package.zsh'
[4.260s] Level 1:colcon.colcon_core.environment:create_file_with_runtime_dependencies(/home/sukihan/RMhomework/answer/install/answer/share/colcon-core/packages/answer)
[4.271s] DEBUG:colcon.colcon_parallel_executor.executor.parallel:closing loop
[4.271s] DEBUG:colcon.colcon_parallel_executor.executor.parallel:loop closed
[4.271s] DEBUG:colcon.colcon_parallel_executor.executor.parallel:run_until_complete finished with '2'
[4.271s] DEBUG:colcon.colcon_core.event_reactor:joining thread
[4.277s] INFO:colcon.colcon_core.plugin_system:Skipping extension 'colcon_notification.desktop_notification.terminal_notifier': Not used on non-Darwin systems
[4.277s] INFO:colcon.colcon_core.plugin_system:Skipping extension 'colcon_notification.desktop_notification.win32': Not used on non-Windows systems
[4.277s] INFO:colcon.colcon_notification.desktop_notification:Sending desktop notification using 'notify2'
[4.294s] DEBUG:colcon.colcon_core.event_reactor:joined thread
[4.294s] INFO:colcon.colcon_core.shell:Creating prefix script '/home/sukihan/RMhomework/answer/install/local_setup.ps1'
[4.295s] INFO:colcon.colcon_core.shell:Creating prefix util module '/home/sukihan/RMhomework/answer/install/_local_setup_util_ps1.py'
[4.297s] INFO:colcon.colcon_core.shell:Creating prefix chain script '/home/sukihan/RMhomework/answer/install/setup.ps1'
[4.298s] INFO:colcon.colcon_core.shell:Creating prefix script '/home/sukihan/RMhomework/answer/install/local_setup.sh'
[4.298s] INFO:colcon.colcon_core.shell:Creating prefix util module '/home/sukihan/RMhomework/answer/install/_local_setup_util_sh.py'
[4.299s] INFO:colcon.colcon_core.shell:Creating prefix chain script '/home/sukihan/RMhomework/answer/install/setup.sh'
[4.300s] INFO:colcon.colcon_core.shell:Creating prefix script '/home/sukihan/RMhomework/answer/install/local_setup.bash'
[4.300s] INFO:colcon.colcon_core.shell:Creating prefix chain script '/home/sukihan/RMhomework/answer/install/setup.bash'
[4.301s] INFO:colcon.colcon_core.shell:Creating prefix script '/home/sukihan/RMhomework/answer/install/local_setup.zsh'
[4.302s] INFO:colcon.colcon_core.shell:Creating prefix chain script '/home/sukihan/RMhomework/answer/install/setup.zsh'
