[0.181s] DEBUG:colcon:Command line arguments: ['/usr/bin/colcon', 'build']
[0.181s] DEBUG:colcon:Parsed command line arguments: Namespace(log_base=None, log_level=None, verb_name='build', build_base='build', install_base='install', merge_install=False, symlink_install=False, test_result_base=None, continue_on_error=False, executor='parallel', parallel_workers=16, event_handlers=None, ignore_user_meta=False, metas=['./colcon.meta'], base_paths=['.'], packages_ignore=None, packages_ignore_regex=None, paths=None, packages_up_to=None, packages_up_to_regex=None, packages_above=None, packages_above_and_dependencies=None, packages_above_depth=None, packages_select_by_dep=None, packages_skip_by_dep=None, packages_skip_up_to=None, packages_select_build_failed=False, packages_skip_build_finished=False, packages_select_test_failures=False, packages_skip_test_passed=False, packages_select=None, packages_skip=None, packages_select_regex=None, packages_skip_regex=None, packages_start=None, packages_end=None, allow_overriding=[], cmake_args=None, cmake_target=None, cmake_target_skip_unavailable=False, cmake_clean_cache=False, cmake_clean_first=False, cmake_force_configure=False, ament_cmake_args=None, catkin_cmake_args=None, catkin_skip_building_tests=False, verb_parser=<colcon_defaults.argument_parser.defaults.DefaultArgumentsDecorator object at 0x7fe66eefbb50>, verb_extension=<colcon_core.verb.build.BuildVerb object at 0x7fe66eefad40>, main=<bound method BuildVerb.main of <colcon_core.verb.build.BuildVerb object at 0x7fe66eefad40>>)
[0.447s] Level 1:colcon.colcon_core.package_discovery:discover_packages(colcon_meta) check parameters
[0.447s] Level 1:colcon.colcon_core.package_discovery:discover_packages(recursive) check parameters
[0.447s] Level 1:colcon.colcon_core.package_discovery:discover_packages(ignore) check parameters
[0.447s] Level 1:colcon.colcon_core.package_discovery:discover_packages(path) check parameters
[0.447s] Level 1:colcon.colcon_core.package_discovery:discover_packages(colcon_meta) discover
[0.447s] Level 1:colcon.colcon_core.package_discovery:discover_packages(recursive) discover
[0.447s] INFO:colcon.colcon_core.package_discovery:Crawling recursively for packages in '/home/sukihan/RMhomework/answer'
[0.447s] Level 1:colcon.colcon_core.package_identification:_identify(.) by extensions ['ignore', 'ignore_ament_install']
[0.448s] Level 1:colcon.colcon_core.package_identification:_identify(.) by extension 'ignore'
[0.448s] Level 1:colcon.colcon_core.package_identification:_identify(.) by extension 'ignore_ament_install'
[0.448s] Level 1:colcon.colcon_core.package_identification:_identify(.) by extensions ['colcon_pkg']
[0.448s] Level 1:colcon.colcon_core.package_identification:_identify(.) by extension 'colcon_pkg'
[0.448s] Level 1:colcon.colcon_core.package_identification:_identify(.) by extensions ['colcon_meta']
[0.448s] Level 1:colcon.colcon_core.package_identification:_identify(.) by extension 'colcon_meta'
[0.448s] Level 1:colcon.colcon_core.package_identification:_identify(.) by extensions ['ros']
[0.448s] Level 1:colcon.colcon_core.package_identification:_identify(.) by extension 'ros'
[0.473s] DEBUG:colcon.colcon_core.package_identification:Package '.' with type 'ros.ament_cmake' and name 'answer'
[0.473s] Level 1:colcon.colcon_core.package_discovery:discover_packages(recursive) using defaults
[0.473s] Level 1:colcon.colcon_core.package_discovery:discover_packages(ignore) discover
[0.473s] Level 1:colcon.colcon_core.package_discovery:discover_packages(ignore) using defaults
[0.473s] Level 1:colcon.colcon_core.package_discovery:discover_packages(path) discover
[0.473s] Level 1:colcon.colcon_core.package_discovery:discover_packages(path) using defaults
[0.505s] Level 1:colcon.colcon_core.package_discovery:discover_packages(prefix_path) check parameters
[0.506s] Level 1:colcon.colcon_core.package_discovery:discover_packages(prefix_path) discover
[0.509s] DEBUG:colcon.colcon_installed_package_information.package_discovery:Found 1 installed packages in /home/sukihan/RMhomework/answer/install
[0.511s] DEBUG:colcon.colcon_installed_package_information.package_discovery:Found 270 installed packages in /opt/ros/humble
[0.514s] Level 1:colcon.colcon_core.package_discovery:discover_packages(prefix_path) using defaults
[0.593s] Level 5:colcon.colcon_core.verb:set package 'answer' build argument 'cmake_args' from command line to 'None'
[0.594s] Level 5:colcon.colcon_core.verb:set package 'answer' build argument 'cmake_target' from command line to 'None'
[0.594s] Level 5:colcon.colcon_core.verb:set package 'answer' build argument 'cmake_target_skip_unavailable' from command line to 'False'
[0.594s] Level 5:colcon.colcon_core.verb:set package 'answer' build argument 'cmake_clean_cache' from command line to 'False'
[0.594s] Level 5:colcon.colcon_core.verb:set package 'answer' build argument 'cmake_clean_first' from command line to 'False'
[0.594s] Level 5:colcon.colcon_core.verb:set package 'answer' build argument 'cmake_force_configure' from command line to 'False'
[0.594s] Level 5:colcon.colcon_core.verb:set package 'answer' build argument 'ament_cmake_args' from command line to 'None'
[0.594s] Level 5:colcon.colcon_core.verb:set package 'answer' build argument 'catkin_cmake_args' from command line to 'None'
[0.594s] Level 5:colcon.colcon_core.verb:set package 'answer' build argument 'catkin_skip_building_tests' from command line to 'False'
[0.594s] DEBUG:colcon.colcon_core.verb:Building package 'answer' with the following arguments: {'ament_cmake_args': None, 'build_base': '/home/sukihan/RMhomework/answer/build/answer', 'catkin_cmake_args': None, 'catkin_skip_building_tests': False, 'cmake_args': None, 'cmake_clean_cache': False, 'cmake_clean_first': False, 'cmake_force_configure': False, 'cmake_target': None, 'cmake_target_skip_unavailable': False, 'install_base': '/home/sukihan/RMhomework/answer/install/answer', 'merge_install': False, 'path': '/home/sukihan/RMhomework/answer', 'symlink_install': False, 'test_result_base': None}
[0.594s] INFO:colcon.colcon_core.executor:Executing jobs using 'parallel' executor
[0.596s] DEBUG:colcon.colcon_parallel_executor.executor.parallel:run_until_complete
[0.596s] INFO:colcon.colcon_ros.task.ament_cmake.build:Building ROS package in '/home/sukihan/RMhomework/answer' with build type 'ament_cmake'
[0.597s] INFO:colcon.colcon_cmake.task.cmake.build:Building CMake package in '/home/sukihan/RMhomework/answer'
[0.600s] INFO:colcon.colcon_core.plugin_system:Skipping extension 'colcon_core.shell.bat': Not used on non-Windows systems
[0.600s] INFO:colcon.colcon_core.shell:Skip shell extension 'powershell' for command environment: Not usable outside of PowerShell
[0.601s] DEBUG:colcon.colcon_core.shell:Skip shell extension 'dsv' for command environment
[0.617s] DEBUG:colcon.colcon_core.event_handler.log_command:Invoking command in '/home/sukihan/RMhomework/answer/build/answer': CMAKE_PREFIX_PATH=${CMAKE_PREFIX_PATH}:/opt/ros/humble /usr/bin/cmake --build /home/sukihan/RMhomework/answer/build/answer -- -j16 -l16
[2.350s] DEBUG:colcon.colcon_core.event_handler.log_command:Invoked command in '/home/sukihan/RMhomework/answer/build/answer' returned '0': CMAKE_PREFIX_PATH=${CMAKE_PREFIX_PATH}:/opt/ros/humble /usr/bin/cmake --build /home/sukihan/RMhomework/answer/build/answer -- -j16 -l16
[2.430s] DEBUG:colcon.colcon_core.event_handler.log_command:Invoking command in '/home/sukihan/RMhomework/answer/build/answer': CMAKE_PREFIX_PATH=${CMAKE_PREFIX_PATH}:/opt/ros/humble /usr/bin/cmake --install /home/sukihan/RMhomework/answer/build/answer
[2.453s] Level 1:colcon.colcon_core.environment:create_environment_scripts_only(answer)
[2.454s] DEBUG:colcon.colcon_core.event_handler.log_command:Invoked command in '/home/sukihan/RMhomework/answer/build/answer' returned '0': CMAKE_PREFIX_PATH=${CMAKE_PREFIX_PATH}:/opt/ros/humble /usr/bin/cmake --install /home/sukihan/RMhomework/answer/build/answer
[2.456s] Level 1:colcon.colcon_core.environment:checking '/home/sukihan/RMhomework/answer/install/answer' for CMake module files
[2.457s] Level 1:colcon.colcon_core.environment:checking '/home/sukihan/RMhomework/answer/install/answer' for CMake config files
[2.457s] Level 1:colcon.colcon_core.shell:create_environment_hook('answer', 'cmake_prefix_path')
[2.457s] INFO:colcon.colcon_core.shell:Creating environment hook '/home/sukihan/RMhomework/answer/install/answer/share/answer/hook/cmake_prefix_path.ps1'
[2.458s] INFO:colcon.colcon_core.shell:Creating environment descriptor '/home/sukihan/RMhomework/answer/install/answer/share/answer/hook/cmake_prefix_path.dsv'
[2.458s] INFO:colcon.colcon_core.shell:Creating environment hook '/home/sukihan/RMhomework/answer/install/answer/share/answer/hook/cmake_prefix_path.sh'
[2.459s] Level 1:colcon.colcon_core.environment:checking '/home/sukihan/RMhomework/answer/install/answer/lib'
[2.459s] Level 1:colcon.colcon_core.environment:checking '/home/sukihan/RMhomework/answer/install/answer/bin'
[2.459s] Level 1:colcon.colcon_core.environment:checking '/home/sukihan/RMhomework/answer/install/answer/lib/pkgconfig/answer.pc'
[2.460s] Level 1:colcon.colcon_core.environment:checking '/home/sukihan/RMhomework/answer/install/answer/lib/python3.10/site-packages'
[2.460s] Level 1:colcon.colcon_core.environment:checking '/home/sukihan/RMhomework/answer/install/answer/bin'
[2.460s] INFO:colcon.colcon_core.shell:Creating package script '/home/sukihan/RMhomework/answer/install/answer/share/answer/package.ps1'
[2.461s] INFO:colcon.colcon_core.shell:Creating package descriptor '/home/sukihan/RMhomework/answer/install/answer/share/answer/package.dsv'
[2.461s] INFO:colcon.colcon_core.shell:Creating package script '/home/sukihan/RMhomework/answer/install/answer/share/answer/package.sh'
[2.462s] INFO:colcon.colcon_core.shell:Creating package script '/home/sukihan/RMhomework/answer/install/answer/share/answer/package.bash'
[2.463s] INFO:colcon.colcon_core.shell:Creating package script '/home/sukihan/RMhomework/answer/install/answer/share/answer/package.zsh'
[2.464s] Level 1:colcon.colcon_core.environment:create_file_with_runtime_dependencies(/home/sukihan/RMhomework/answer/install/answer/share/colcon-core/packages/answer)
[2.520s] Level 1:colcon.colcon_core.environment:create_environment_scripts_only(answer)
[2.521s] Level 1:colcon.colcon_core.environment:checking '/home/sukihan/RMhomework/answer/install/answer' for CMake module files
[2.521s] Level 1:colcon.colcon_core.environment:checking '/home/sukihan/RMhomework/answer/install/answer' for CMake config files
[2.522s] Level 1:colcon.colcon_core.shell:create_environment_hook('answer', 'cmake_prefix_path')
[2.522s] INFO:colcon.colcon_core.shell:Creating environment hook '/home/sukihan/RMhomework/answer/install/answer/share/answer/hook/cmake_prefix_path.ps1'
[2.523s] INFO:colcon.colcon_core.shell:Creating environment descriptor '/home/sukihan/RMhomework/answer/install/answer/share/answer/hook/cmake_prefix_path.dsv'
[2.523s] INFO:colcon.colcon_core.shell:Creating environment hook '/home/sukihan/RMhomework/answer/install/answer/share/answer/hook/cmake_prefix_path.sh'
[2.524s] Level 1:colcon.colcon_core.environment:checking '/home/sukihan/RMhomework/answer/install/answer/lib'
[2.524s] Level 1:colcon.colcon_core.environment:checking '/home/sukihan/RMhomework/answer/install/answer/bin'
[2.524s] Level 1:colcon.colcon_core.environment:checking '/home/sukihan/RMhomework/answer/install/answer/lib/pkgconfig/answer.pc'
[2.524s] Level 1:colcon.colcon_core.environment:checking '/home/sukihan/RMhomework/answer/install/answer/lib/python3.10/site-packages'
[2.524s] Level 1:colcon.colcon_core.environment:checking '/home/sukihan/RMhomework/answer/install/answer/bin'
[2.524s] INFO:colcon.colcon_core.shell:Creating package script '/home/sukihan/RMhomework/answer/install/answer/share/answer/package.ps1'
[2.525s] INFO:colcon.colcon_core.shell:Creating package descriptor '/home/sukihan/RMhomework/answer/install/answer/share/answer/package.dsv'
[2.526s] INFO:colcon.colcon_core.shell:Creating package script '/home/sukihan/RMhomework/answer/install/answer/share/answer/package.sh'
[2.526s] INFO:colcon.colcon_core.shell:Creating package script '/home/sukihan/RMhomework/answer/install/answer/share/answer/package.bash'
[2.526s] INFO:colcon.colcon_core.shell:Creating package script '/home/sukihan/RMhomework/answer/install/answer/share/answer/package.zsh'
[2.527s] Level 1:colcon.colcon_core.environment:create_file_with_runtime_dependencies(/home/sukihan/RMhomework/answer/install/answer/share/colcon-core/packages/answer)
[2.527s] DEBUG:colcon.colcon_parallel_executor.executor.parallel:closing loop
[2.528s] DEBUG:colcon.colcon_parallel_executor.executor.parallel:loop closed
[2.528s] DEBUG:colcon.colcon_parallel_executor.executor.parallel:run_until_complete finished with '0'
[2.528s] DEBUG:colcon.colcon_core.event_reactor:joining thread
[2.534s] INFO:colcon.colcon_core.plugin_system:Skipping extension 'colcon_notification.desktop_notification.terminal_notifier': Not used on non-Darwin systems
[2.534s] INFO:colcon.colcon_core.plugin_system:Skipping extension 'colcon_notification.desktop_notification.win32': Not used on non-Windows systems
[2.534s] INFO:colcon.colcon_notification.desktop_notification:Sending desktop notification using 'notify2'
[2.553s] DEBUG:colcon.colcon_core.event_reactor:joined thread
[2.554s] INFO:colcon.colcon_core.shell:Creating prefix script '/home/sukihan/RMhomework/answer/install/local_setup.ps1'
[2.556s] INFO:colcon.colcon_core.shell:Creating prefix util module '/home/sukihan/RMhomework/answer/install/_local_setup_util_ps1.py'
[2.559s] INFO:colcon.colcon_core.shell:Creating prefix chain script '/home/sukihan/RMhomework/answer/install/setup.ps1'
[2.561s] INFO:colcon.colcon_core.shell:Creating prefix script '/home/sukihan/RMhomework/answer/install/local_setup.sh'
[2.562s] INFO:colcon.colcon_core.shell:Creating prefix util module '/home/sukihan/RMhomework/answer/install/_local_setup_util_sh.py'
[2.563s] INFO:colcon.colcon_core.shell:Creating prefix chain script '/home/sukihan/RMhomework/answer/install/setup.sh'
[2.564s] INFO:colcon.colcon_core.shell:Creating prefix script '/home/sukihan/RMhomework/answer/install/local_setup.bash'
[2.565s] INFO:colcon.colcon_core.shell:Creating prefix chain script '/home/sukihan/RMhomework/answer/install/setup.bash'
[2.566s] INFO:colcon.colcon_core.shell:Creating prefix script '/home/sukihan/RMhomework/answer/install/local_setup.zsh'
[2.567s] INFO:colcon.colcon_core.shell:Creating prefix chain script '/home/sukihan/RMhomework/answer/install/setup.zsh'
