[0.020s] Invoking command in '/home/sukihan/RMhomework/answer/build/answer': CMAKE_PREFIX_PATH=${CMAKE_PREFIX_PATH}:/opt/ros/humble /usr/bin/cmake --build /home/sukihan/RMhomework/answer/build/answer -- -j16 -l16
[0.076s] -- Found ament_cmake: 1.3.8 (/opt/ros/humble/share/ament_cmake/cmake)
[0.322s] -- Found rclcpp: 16.0.8 (/opt/ros/humble/share/rclcpp/cmake)
[0.363s] -- Found rosidl_generator_c: 3.1.5 (/opt/ros/humble/share/rosidl_generator_c/cmake)
[0.367s] -- Found rosidl_adapter: 3.1.5 (/opt/ros/humble/share/rosidl_adapter/cmake)
[0.379s] -- Found rosidl_generator_cpp: 3.1.5 (/opt/ros/humble/share/rosidl_generator_cpp/cmake)
[0.400s] -- Using all available rosidl_typesupport_c: rosidl_typesupport_fastrtps_c;rosidl_typesupport_introspection_c
[0.429s] -- Using all available rosidl_typesupport_cpp: rosidl_typesupport_fastrtps_cpp;rosidl_typesupport_introspection_cpp
[0.538s] -- Found rmw_implementation_cmake: 6.1.1 (/opt/ros/humble/share/rmw_implementation_cmake/cmake)
[0.541s] -- Found rmw_fastrtps_cpp: 6.2.6 (/opt/ros/humble/share/rmw_fastrtps_cpp/cmake)
[0.796s] -- Using RMW implementation 'rmw_fastrtps_cpp' as default
[1.090s] -- Found sensor_msgs: 4.2.3 (/opt/ros/humble/share/sensor_msgs/cmake)
[1.337s] -- Found cv_bridge: 3.2.1 (/opt/ros/humble/share/cv_bridge/cmake)
[1.371s] -- Found ament_lint_auto: 0.12.10 (/opt/ros/humble/share/ament_lint_auto/cmake)
[1.520s] -- Added test 'cppcheck' to perform static code analysis on C / C++ code
[1.520s] -- Configured cppcheck include dirs: /home/sukihan/RMhomework/answer/include
[1.520s] -- Configured cppcheck exclude dirs and/or files: 
[1.526s] -- Added test 'flake8' to check Python code syntax and style conventions
[1.533s] -- Added test 'lint_cmake' to check CMake code style
[1.538s] -- Added test 'pep257' to check Python code against some of the docstring style conventions in PEP 257
[1.569s] -- Added test 'uncrustify' to check C / C++ code style
[1.570s] -- Configured uncrustify additional arguments: 
[1.574s] -- Added test 'xmllint' to check XML markup files
[1.584s] -- Configuring done
[1.612s] -- Generating done
[1.616s] -- Build files have been written to: /home/sukihan/RMhomework/answer/build/answer
[1.674s] [35m[1mConsolidate compiler generated dependencies of target answer[0m
[1.727s] [100%] Built target answer
[1.753s] Invoked command in '/home/sukihan/RMhomework/answer/build/answer' returned '0': CMAKE_PREFIX_PATH=${CMAKE_PREFIX_PATH}:/opt/ros/humble /usr/bin/cmake --build /home/sukihan/RMhomework/answer/build/answer -- -j16 -l16
[1.832s] Invoking command in '/home/sukihan/RMhomework/answer/build/answer': CMAKE_PREFIX_PATH=${CMAKE_PREFIX_PATH}:/opt/ros/humble /usr/bin/cmake --install /home/sukihan/RMhomework/answer/build/answer
[1.848s] -- Install configuration: ""
[1.848s] -- Up-to-date: /home/sukihan/RMhomework/answer/install/answer/share/ament_index/resource_index/package_run_dependencies/answer
[1.849s] -- Up-to-date: /home/sukihan/RMhomework/answer/install/answer/share/ament_index/resource_index/parent_prefix_path/answer
[1.849s] -- Up-to-date: /home/sukihan/RMhomework/answer/install/answer/share/answer/environment/ament_prefix_path.sh
[1.849s] -- Installing: /home/sukihan/RMhomework/answer/install/answer/share/answer/environment/ament_prefix_path.dsv
[1.849s] -- Up-to-date: /home/sukihan/RMhomework/answer/install/answer/share/answer/environment/path.sh
[1.849s] -- Installing: /home/sukihan/RMhomework/answer/install/answer/share/answer/environment/path.dsv
[1.850s] -- Up-to-date: /home/sukihan/RMhomework/answer/install/answer/share/answer/local_setup.bash
[1.850s] -- Up-to-date: /home/sukihan/RMhomework/answer/install/answer/share/answer/local_setup.sh
[1.850s] -- Up-to-date: /home/sukihan/RMhomework/answer/install/answer/share/answer/local_setup.zsh
[1.850s] -- Installing: /home/sukihan/RMhomework/answer/install/answer/share/answer/local_setup.dsv
[1.850s] -- Installing: /home/sukihan/RMhomework/answer/install/answer/share/answer/package.dsv
[1.851s] -- Up-to-date: /home/sukihan/RMhomework/answer/install/answer/share/ament_index/resource_index/packages/answer
[1.851s] -- Up-to-date: /home/sukihan/RMhomework/answer/install/answer/share/answer/cmake/answerConfig.cmake
[1.851s] -- Up-to-date: /home/sukihan/RMhomework/answer/install/answer/share/answer/cmake/answerConfig-version.cmake
[1.851s] -- Up-to-date: /home/sukihan/RMhomework/answer/install/answer/share/answer/package.xml
[1.851s] -- Up-to-date: /home/sukihan/RMhomework/answer/install/answer/lib/answer/answer
[1.852s] -- Installing: /home/sukihan/RMhomework/answer/install/answer/lib/answer/answer.py
[1.856s] Invoked command in '/home/sukihan/RMhomework/answer/build/answer' returned '0': CMAKE_PREFIX_PATH=${CMAKE_PREFIX_PATH}:/opt/ros/humble /usr/bin/cmake --install /home/sukihan/RMhomework/answer/build/answer
