[0.022s] Invoking command in '/home/sukihan/RMhomework/answer/build/answer': CMAKE_PREFIX_PATH=${CMAKE_PREFIX_PATH}:/opt/ros/humble /usr/bin/cmake --build /home/sukihan/RMhomework/answer/build/answer -- -j16 -l16
[0.071s] -- Found ament_cmake: 1.3.8 (/opt/ros/humble/share/ament_cmake/cmake)
[0.312s] -- Found rclcpp: 16.0.8 (/opt/ros/humble/share/rclcpp/cmake)
[0.361s] -- Found rosidl_generator_c: 3.1.5 (/opt/ros/humble/share/rosidl_generator_c/cmake)
[0.366s] -- Found rosidl_adapter: 3.1.5 (/opt/ros/humble/share/rosidl_adapter/cmake)
[0.378s] -- Found rosidl_generator_cpp: 3.1.5 (/opt/ros/humble/share/rosidl_generator_cpp/cmake)
[0.400s] -- Using all available rosidl_typesupport_c: rosidl_typesupport_fastrtps_c;rosidl_typesupport_introspection_c
[0.425s] -- Using all available rosidl_typesupport_cpp: rosidl_typesupport_fastrtps_cpp;rosidl_typesupport_introspection_cpp
[0.526s] -- Found rmw_implementation_cmake: 6.1.1 (/opt/ros/humble/share/rmw_implementation_cmake/cmake)
[0.528s] -- Found rmw_fastrtps_cpp: 6.2.6 (/opt/ros/humble/share/rmw_fastrtps_cpp/cmake)
[0.781s] -- Using RMW implementation 'rmw_fastrtps_cpp' as default
[1.079s] -- Found sensor_msgs: 4.2.3 (/opt/ros/humble/share/sensor_msgs/cmake)
[1.321s] -- Found cv_bridge: 3.2.1 (/opt/ros/humble/share/cv_bridge/cmake)
[1.356s] -- Found ament_lint_auto: 0.12.10 (/opt/ros/humble/share/ament_lint_auto/cmake)
[1.519s] -- Added test 'cppcheck' to perform static code analysis on C / C++ code
[1.519s] -- Configured cppcheck include dirs: /home/sukihan/RMhomework/answer/include
[1.520s] -- Configured cppcheck exclude dirs and/or files: 
[1.524s] -- Added test 'flake8' to check Python code syntax and style conventions
[1.533s] -- Added test 'lint_cmake' to check CMake code style
[1.538s] -- Added test 'pep257' to check Python code against some of the docstring style conventions in PEP 257
[1.571s] -- Added test 'uncrustify' to check C / C++ code style
[1.571s] -- Configured uncrustify additional arguments: 
[1.575s] -- Added test 'xmllint' to check XML markup files
[1.586s] -- Configuring done
[1.613s] -- Generating done
[1.618s] -- Build files have been written to: /home/sukihan/RMhomework/answer/build/answer
[1.675s] [35m[1mConsolidate compiler generated dependencies of target answer[0m
[1.726s] [100%] Built target answer
[1.747s] Invoked command in '/home/sukihan/RMhomework/answer/build/answer' returned '0': CMAKE_PREFIX_PATH=${CMAKE_PREFIX_PATH}:/opt/ros/humble /usr/bin/cmake --build /home/sukihan/RMhomework/answer/build/answer -- -j16 -l16
[1.821s] Invoking command in '/home/sukihan/RMhomework/answer/build/answer': CMAKE_PREFIX_PATH=${CMAKE_PREFIX_PATH}:/opt/ros/humble /usr/bin/cmake --install /home/sukihan/RMhomework/answer/build/answer
[1.840s] -- Install configuration: ""
[1.840s] -- Up-to-date: /home/sukihan/RMhomework/answer/install/answer/share/ament_index/resource_index/package_run_dependencies/answer
[1.840s] -- Up-to-date: /home/sukihan/RMhomework/answer/install/answer/share/ament_index/resource_index/parent_prefix_path/answer
[1.840s] -- Up-to-date: /home/sukihan/RMhomework/answer/install/answer/share/answer/environment/ament_prefix_path.sh
[1.840s] -- Installing: /home/sukihan/RMhomework/answer/install/answer/share/answer/environment/ament_prefix_path.dsv
[1.841s] -- Up-to-date: /home/sukihan/RMhomework/answer/install/answer/share/answer/environment/path.sh
[1.841s] -- Installing: /home/sukihan/RMhomework/answer/install/answer/share/answer/environment/path.dsv
[1.841s] -- Up-to-date: /home/sukihan/RMhomework/answer/install/answer/share/answer/local_setup.bash
[1.841s] -- Up-to-date: /home/sukihan/RMhomework/answer/install/answer/share/answer/local_setup.sh
[1.841s] -- Up-to-date: /home/sukihan/RMhomework/answer/install/answer/share/answer/local_setup.zsh
[1.841s] -- Installing: /home/sukihan/RMhomework/answer/install/answer/share/answer/local_setup.dsv
[1.842s] -- Installing: /home/sukihan/RMhomework/answer/install/answer/share/answer/package.dsv
[1.842s] -- Up-to-date: /home/sukihan/RMhomework/answer/install/answer/share/ament_index/resource_index/packages/answer
[1.842s] -- Up-to-date: /home/sukihan/RMhomework/answer/install/answer/share/answer/cmake/answerConfig.cmake
[1.842s] -- Up-to-date: /home/sukihan/RMhomework/answer/install/answer/share/answer/cmake/answerConfig-version.cmake
[1.842s] -- Up-to-date: /home/sukihan/RMhomework/answer/install/answer/share/answer/package.xml
[1.843s] -- Up-to-date: /home/sukihan/RMhomework/answer/install/answer/lib/answer/answer
[1.843s] -- Installing: /home/sukihan/RMhomework/answer/install/answer/share/answer/answer.py
[1.847s] Invoked command in '/home/sukihan/RMhomework/answer/build/answer' returned '0': CMAKE_PREFIX_PATH=${CMAKE_PREFIX_PATH}:/opt/ros/humble /usr/bin/cmake --install /home/sukihan/RMhomework/answer/build/answer
